<?xml version="1.0" encoding="UTF-8"?>
<testsuite name="ru.stqa.pft.sandbox.PointTest" tests="1" skipped="0" failures="0" errors="0" timestamp="2020-10-28T13:35:34" hostname="msk00912-note" time="0.01">
  <properties/>
  <testcase name="testDistance" classname="ru.stqa.pft.sandbox.PointTest" time="0.01"/>
  <system-out><![CDATA[]]></system-out>
  <system-err><![CDATA[]]></system-err>
</testsuite>
