<?xml version="1.0" encoding="UTF-8"?>
<testsuite name="ru.stqa.pft.addressbook.tests.CreateNewContact" tests="1" skipped="0" failures="0" errors="0" timestamp="2020-09-02T05:51:18" hostname="msk00912-note" time="1.304">
  <properties/>
  <testcase name="testCreateNewContact" classname="ru.stqa.pft.addressbook.tests.CreateNewContact" time="1.304"/>
  <system-out><![CDATA[]]></system-out>
  <system-err><![CDATA[]]></system-err>
</testsuite>
