<?xml version="1.0" encoding="UTF-8"?>
<testsuite name="ru.stqa.pft.mantis.test.LoginTests" tests="1" skipped="0" failures="0" errors="0" timestamp="2020-10-22T16:40:04" hostname="msk00912-note" time="0.922">
  <properties/>
  <testcase name="testLogin" classname="ru.stqa.pft.mantis.test.LoginTests" time="0.922"/>
  <system-out><![CDATA[]]></system-out>
  <system-err><![CDATA[]]></system-err>
</testsuite>
